C:\Users\gobok\AppData\Local\Packages\PythonSoftwareFoundation.Python.3.11_qbz5n2kfra8p0\LocalCache\local-packages\Python311\site-packages\torchvision\io\image.py:13: UserWarning: Failed to load image Python extension: '[WinError 127] 지정된 프로시저를 찾을 수 없습니다'If you don't plan on using image functionality from `torchvision.io`, you can ignore this warning. Otherwise, there might be something wrong with your environment. Did you have `libjpeg` or `libpng` installed before building `torchvision` from source?
  warn(
2025-10-01 10:33:39,654 - app.service.vectordb_service - INFO - Using existing collection: korean_legal_documents
2025-10-01 10:33:39,656 - sentence_transformers.SentenceTransformer - INFO - Use pytorch device_name: cpu
2025-10-01 10:33:39,656 - sentence_transformers.SentenceTransformer - INFO - Load pretrained SentenceTransformer: C:\kdy\Projects\holmesnyangz\beta_v001\backend\data\storage\kure_v1
2025-10-01 10:33:40,982 - app.service.vectordb_service - INFO - Loaded embedding model: C:\kdy\Projects\holmesnyangz\beta_v001\backend\data\storage\kure_v1
2025-10-01 10:33:40,982 - app.service.vectordb_service - INFO - VectorDB service initialized successfully
2025-10-01 10:33:41,102 - app.service.vectordb_service - INFO - Collection already contains 100 documents
============================================================
Initializing ChromaDB for Legal Documents
============================================================

1. Initializing ChromaDB...
[SUCCESS] ChromaDB initialized successfully

2. Loading documents into ChromaDB...
This may take a few minutes for 1,700 chunks...
[SUCCESS] Loaded 100 chunks into ChromaDB

3. Database Statistics:
   - status: initialized
   - total_chunks: 100
   - collection_name: korean_legal_documents
   - chroma_path: C:\kdy\Projects\holmesnyangz\beta_v001\backend\data\storage\legal_info\chroma_db
   - embedding_model: BAAI/bge-m3

============================================================
ChromaDB initialization completed!
============================================================

Do you want to test search functionality? (y/n): Traceback (most recent call last):
  File "C:\kdy\Projects\holmesnyangz\beta_v001\backend\initialize_vectordb.py", line 121, in <module>
    asyncio.run(main())
  File "C:\Program Files\WindowsApps\PythonSoftwareFoundation.Python.3.11_3.11.2544.0_x64__qbz5n2kfra8p0\Lib\asyncio\runners.py", line 190, in run
    return runner.run(main)
           ^^^^^^^^^^^^^^^^
  File "C:\Program Files\WindowsApps\PythonSoftwareFoundation.Python.3.11_3.11.2544.0_x64__qbz5n2kfra8p0\Lib\asyncio\runners.py", line 118, in run
    return self._loop.run_until_complete(task)
           ^^^^^^^^^^^^^^^^^^^^^^^^^^^^^^^^^^^
  File "C:\Program Files\WindowsApps\PythonSoftwareFoundation.Python.3.11_3.11.2544.0_x64__qbz5n2kfra8p0\Lib\asyncio\base_events.py", line 654, in run_until_complete
    return future.result()
           ^^^^^^^^^^^^^^^
  File "C:\kdy\Projects\holmesnyangz\beta_v001\backend\initialize_vectordb.py", line 116, in main
    response = input().strip().lower()
               ^^^^^^^
EOFError: EOF when reading a line
